2013-04-08 15:17:18 weka.gui.GUIChooser main
INFO: Logging started
---Registering Weka Editors---
Trying to add database driver (JDBC): RmiJdbc.RJDriver - Error, not in CLASSPATH?
Trying to add database driver (JDBC): jdbc.idbDriver - Error, not in CLASSPATH?
Trying to add database driver (JDBC): org.gjt.mm.mysql.Driver - Error, not in CLASSPATH?
Trying to add database driver (JDBC): com.mckoi.JDBCDriver - Error, not in CLASSPATH?
Trying to add database driver (JDBC): org.hsqldb.jdbcDriver - Error, not in CLASSPATH?
2013-04-08 15:51:35 weka.gui.explorer.Explorer <init>
INFO: Weka Explorer
2013-04-08 15:51:35 weka.gui.explorer.Explorer <init>
INFO: (c) 1999-2013 The University of Waikato, Hamilton, New Zealand
2013-04-08 15:51:35 weka.gui.explorer.Explorer <init>
INFO: web: http://www.cs.waikato.ac.nz/~ml/weka/
2013-04-08 15:51:35 weka.gui.explorer.Explorer <init>
INFO: Started on Monday, 8 April 2013
2013-04-08 15:52:07 weka.gui.explorer.ClassifierPanel$16 run
INFO: Started weka.classifiers.functions.MultilayerPerceptron
2013-04-08 15:52:07 weka.gui.explorer.ClassifierPanel$16 run
INFO: Command:weka.classifiers.functions.MultilayerPerceptron -L 0.3 -M 0.2 -N 500 -V 0 -S 0 -E 20 -H a
2013-04-08 15:53:19 weka.gui.explorer.ClassifierPanel$16 run
INFO: Finished weka.classifiers.functions.MultilayerPerceptron
